2024-03-27T15:40:25.077Z - GET /sales-statistics - Visits: 1
2024-03-27T15:40:34.456Z - GET /basket - Visits: 2
2024-03-27T15:40:37.262Z - GET /stats - Visits: 3
2024-03-27T15:41:04.743Z - GET /stats - Visits: 4
2024-03-27T15:41:19.006Z - GET /userData/vasiliev.dmitriy201@yandex.ru - Visits: 5
2024-03-27T15:41:19.021Z - GET /userData/vasiliev.dmitriy201@yandex.ru - Visits: 5
2024-03-27T15:41:19.029Z - GET /user-orders - Visits: 5
2024-03-27T15:41:20.782Z - POST /login - Visits: 6
2024-03-27T15:41:20.878Z - GET /userData/vasiliev.dmitriy201@yandex.ru - Visits: 7
2024-03-27T15:41:20.887Z - GET /userData/vasiliev.dmitriy201@yandex.ru - Visits: 7
2024-03-27T15:41:20.915Z - GET /user-orders - Visits: 8
2024-03-27T15:41:24.350Z - GET /basket - Visits: 9
2024-03-27T15:41:27.010Z - GET /stats - Visits: 10
2024-03-27T15:41:27.599Z - GET /stats - Visits: 11
2024-03-27T15:43:43.158Z - GET /stats - Visits: 12
2024-03-27T15:43:56.898Z - GET /stats - Visits: 13
2024-03-27T15:47:02.557Z - GET /stats - Visits: 14
2024-03-27T15:47:13.441Z - GET /userData/vasiliev.dmitriy201@yandex.ru - Visits: 15
2024-03-27T15:47:13.462Z - GET /userData/vasiliev.dmitriy201@yandex.ru - Visits: 15
2024-03-27T15:47:13.489Z - GET /user-orders - Visits: 16
2024-03-27T15:47:15.100Z - POST /login - Visits: 17
2024-03-27T15:47:15.278Z - GET /userData/vasiliev.dmitriy201@yandex.ru - Visits: 18
2024-03-27T15:47:15.286Z - GET /userData/vasiliev.dmitriy201@yandex.ru - Visits: 18
2024-03-27T15:47:15.314Z - GET /user-orders - Visits: 19
2024-03-27T15:47:16.240Z - GET /products - Visits: 20
2024-03-27T15:47:17.742Z - GET /product/2 - Visits: 21
2024-03-27T15:47:18.719Z - POST /add-to-cart/2 - Visits: 22
2024-03-27T15:47:19.916Z - GET /basket - Visits: 23
2024-03-27T15:47:25.290Z - GET /products - Visits: 24
2024-03-27T15:47:28.688Z - GET /stats - Visits: 25
2024-03-27T15:50:10.868Z - GET /stats - Visits: 26
2024-03-27T15:50:24.405Z - GET /basket - Visits: 27
2024-03-27T15:50:32.458Z - GET /stats - Visits: 28
2024-03-27T15:53:12.186Z - GET /stats - Visits: 29
2024-03-27T15:53:47.327Z - GET /stats - Visits: 30
2024-03-27T15:54:48.673Z - GET /stats - Visits: 31
2024-03-27T15:55:23.562Z - GET /stats - Visits: 32
2024-03-27T15:57:05.283Z - GET /stats - Visits: 33
2024-03-27T16:01:25.871Z - GET /stats - Visits: 34
2024-03-27T16:01:25.873Z - GET /sales-stats - Visits: 34
2024-03-27T16:01:30.031Z - GET /userData/vasiliev.dmitriy201@yandex.ru - Visits: 35
2024-03-27T16:01:30.049Z - GET /userData/vasiliev.dmitriy201@yandex.ru - Visits: 35
2024-03-27T16:01:30.082Z - GET /user-orders - Visits: 36
2024-03-27T16:01:31.536Z - POST /login - Visits: 37
2024-03-27T16:01:31.724Z - GET /userData/vasiliev.dmitriy201@yandex.ru - Visits: 38
2024-03-27T16:01:31.748Z - GET /userData/vasiliev.dmitriy201@yandex.ru - Visits: 38
2024-03-27T16:01:31.779Z - GET /user-orders - Visits: 39
2024-03-27T16:01:34.573Z - GET /products - Visits: 40
2024-03-27T16:01:35.927Z - GET /product/2 - Visits: 41
2024-03-27T16:01:36.621Z - POST /add-to-cart/2 - Visits: 42
2024-03-27T16:01:37.678Z - GET /basket - Visits: 43
2024-03-27T16:01:39.006Z - GET /basket - Visits: 44
2024-03-27T16:01:40.278Z - PUT /place-order - Visits: 45
2024-03-27T16:02:04.544Z - GET /stats - Visits: 46
2024-03-27T16:02:04.544Z - GET /sales-stats - Visits: 46
2024-03-27T16:03:18.468Z - GET /stats - Visits: 47
2024-03-27T16:03:18.469Z - GET /sales-stats - Visits: 47
2024-03-27T16:05:51.116Z - GET /stats - Visits: 48
2024-03-27T16:05:51.133Z - GET /sales-stats - Visits: 48
2024-03-27T16:07:01.796Z - GET /stats - Visits: 49
2024-03-27T16:07:01.797Z - GET /sales-stats - Visits: 49
2024-03-27T16:07:15.806Z - GET /stats - Visits: 50
2024-03-27T16:07:15.807Z - GET /sales-stats - Visits: 50
2024-03-27T16:08:15.313Z - GET /stats - Visits: 51
2024-03-27T16:08:15.314Z - GET /sales-stats - Visits: 51
2024-03-27T16:08:22.288Z - GET /order-history - Visits: 52
2024-03-27T16:08:24.997Z - GET /sales-statistics - Visits: 53
2024-03-27T16:11:07.994Z - GET /products - Visits: 54
2024-03-27T16:11:09.263Z - GET /products - Visits: 55
2024-03-27T16:11:15.546Z - GET /products - Visits: 56
2024-03-27T16:11:23.383Z - GET /products - Visits: 57
2024-03-27T16:13:07.525Z - GET /products - Visits: 58
2024-03-27T16:13:12.260Z - GET /product/4 - Visits: 59
2024-03-27T16:15:05.698Z - GET /products - Visits: 60
2024-03-27T16:17:09.496Z - GET /products - Visits: 61
2024-03-27T16:18:42.102Z - GET /products - Visits: 62
2024-03-27T16:20:46.294Z - GET /products - Visits: 63
2024-03-27T16:22:40.475Z - GET /products - Visits: 64
2024-03-27T16:25:53.886Z - GET /products - Visits: 65
2024-03-27T16:27:52.978Z - GET /products - Visits: 66
2024-03-27T16:29:51.431Z - GET /products - Visits: 67
2024-03-27T16:30:22.017Z - GET /product/1 - Visits: 68
2024-03-27T16:30:50.146Z - GET /product/1 - Visits: 69
2024-03-27T16:31:06.079Z - GET /product/1 - Visits: 70
2024-03-27T16:31:24.716Z - GET /product/1 - Visits: 71
2024-03-27T16:31:55.585Z - GET /product/1 - Visits: 72
2024-03-27T16:32:15.596Z - GET /product/1 - Visits: 73
2024-03-27T16:32:18.928Z - GET /products - Visits: 74
2024-03-27T16:34:10.347Z - GET /products - Visits: 75
2024-03-27T16:37:15.494Z - GET /products - Visits: 76
2024-03-27T16:41:01.515Z - GET /product/1 - Visits: 77
2024-03-27T16:41:04.644Z - POST /add-to-cart/1 - Visits: 78
2024-03-27T16:41:08.910Z - GET /basket - Visits: 79
2024-03-27T16:41:10.040Z - GET /products - Visits: 80
2024-03-27T16:41:13.065Z - GET /basket - Visits: 81
2024-03-27T16:41:15.988Z - GET /products - Visits: 82
2024-03-27T16:41:17.385Z - GET /product/2 - Visits: 83
2024-03-27T16:41:18.492Z - POST /add-to-cart/2 - Visits: 84
2024-03-27T16:41:20.423Z - GET /userData/vasiliev.dmitriy201@yandex.ru - Visits: 85
2024-03-27T16:41:20.436Z - GET /user-orders - Visits: 85
2024-03-27T16:41:20.439Z - GET /userData/vasiliev.dmitriy201@yandex.ru - Visits: 85
2024-03-27T16:41:27.039Z - POST /login - Visits: 86
2024-03-27T16:41:39.557Z - POST /login - Visits: 87
2024-03-27T16:41:39.660Z - GET /userData/vasiliev.dmitriy201@yandex.ru - Visits: 88
2024-03-27T16:41:39.670Z - GET /userData/vasiliev.dmitriy201@yandex.ru - Visits: 88
2024-03-27T16:41:39.683Z - GET /user-orders - Visits: 88
2024-03-27T16:41:59.127Z - GET /basket - Visits: 89
2024-03-27T16:42:01.516Z - GET /basket - Visits: 90
2024-03-27T16:42:02.883Z - GET /products - Visits: 91
2024-03-27T16:42:04.779Z - GET /product/1 - Visits: 92
2024-03-27T16:42:06.117Z - POST /add-to-cart/1 - Visits: 93
2024-03-27T16:42:07.624Z - GET /basket - Visits: 94
2024-03-27T16:42:10.800Z - GET /basket - Visits: 95
2024-03-27T16:42:12.502Z - PUT /place-order - Visits: 96
2024-03-27T16:42:19.150Z - POST /login - Visits: 97
2024-03-27T16:42:19.239Z - GET /userData/vasiliev.dmitriy201@yandex.ru - Visits: 98
2024-03-27T16:42:19.248Z - GET /userData/vasiliev.dmitriy201@yandex.ru - Visits: 98
2024-03-27T16:42:19.273Z - GET /user-orders - Visits: 99
2024-03-27T16:42:32.050Z - GET /sales-statistics - Visits: 100
2024-03-27T16:42:42.757Z - GET /products - Visits: 101
2024-03-27T16:42:44.604Z - GET /basket - Visits: 102
2024-03-27T16:42:45.681Z - GET /basket - Visits: 103
2024-03-27T16:42:47.224Z - GET /basket - Visits: 104
2024-03-27T16:42:48.292Z - GET /basket - Visits: 105
2024-03-27T16:42:49.991Z - GET /basket - Visits: 106
2024-03-27T16:42:52.109Z - GET /basket - Visits: 107
2024-03-27T16:42:53.241Z - GET /ckeckout.html - Visits: 108
2024-03-27T16:43:53.346Z - GET /stats - Visits: 109
2024-03-27T16:43:53.347Z - GET /sales-stats - Visits: 109
2024-03-27T16:43:53.737Z - GET /stats - Visits: 110
2024-03-27T16:43:53.737Z - GET /sales-stats - Visits: 110
2024-03-27T17:26:32.375Z - GET /userData/vasiliev.dmitriy201@yandex.ru - Visits: 1
2024-03-27T17:26:32.386Z - GET /userData/vasiliev.dmitriy201@yandex.ru - Visits: 1
2024-03-27T17:26:32.445Z - GET /user-orders - Visits: 2
2024-03-27T17:45:35.689Z - GET /index.js - Visits: 1
2024-03-27T17:55:34.098Z - GET /stolman/public/image/2.webp - Visits: 2
2024-03-27T17:55:34.102Z - GET /stolman/public/image/1.jpg - Visits: 2
2024-03-27T17:57:15.804Z - GET /stolman/public/image/2.webp - Visits: 3
2024-03-27T17:57:15.807Z - GET /stolman/public/image/1.jpg - Visits: 3
2024-03-27T17:57:30.112Z - GET /stolman/public/image/2.webp - Visits: 4
2024-03-27T18:09:46.820Z - GET /products - Visits: 5
2024-03-27T18:09:50.464Z - GET /product/2 - Visits: 6
2024-03-27T18:09:56.961Z - GET /basket - Visits: 7
2024-03-27T18:09:59.726Z - GET /basket - Visits: 8
2024-03-27T18:10:57.782Z - GET /basket - Visits: 9
2024-03-27T18:11:08.455Z - GET /basket - Visits: 10
2024-03-27T18:11:26.487Z - GET /basket - Visits: 11
2024-03-27T18:11:49.815Z - GET /basket - Visits: 12
2024-03-27T18:12:45.076Z - GET /products - Visits: 13
2024-03-27T18:12:51.427Z - GET /products - Visits: 14
2024-03-27T18:12:57.261Z - GET /product/1 - Visits: 15
2024-03-27T18:12:59.763Z - GET /basket - Visits: 16
2024-03-27T18:13:40.144Z - GET /basket - Visits: 17
2024-03-27T18:14:04.184Z - GET /basket - Visits: 18
2024-03-27T18:14:05.626Z - GET /basket - Visits: 19
2024-03-27T18:14:20.812Z - GET /basket - Visits: 20
2024-03-27T18:14:23.463Z - POST /login - Visits: 21
2024-03-27T18:14:23.603Z - GET /userData/vasiliev.dmitriy201@yandex.ru - Visits: 22
2024-03-27T18:14:23.622Z - GET /userData/vasiliev.dmitriy201@yandex.ru - Visits: 22
2024-03-27T18:14:23.634Z - GET /user-orders - Visits: 22
2024-03-27T18:15:23.381Z - GET /products - Visits: 23
2024-03-27T18:16:03.935Z - GET /products - Visits: 24
2024-03-27T18:16:51.434Z - GET /products - Visits: 25
2024-03-27T18:16:56.876Z - GET /product/1 - Visits: 26
2024-03-27T18:17:07.192Z - GET /products - Visits: 27
2024-03-27T18:17:31.451Z - GET /products - Visits: 28
2024-03-27T18:17:33.916Z - GET /product/1 - Visits: 29
2024-03-27T18:17:38.445Z - GET /products - Visits: 30
2024-03-27T18:17:40.321Z - GET /product/1 - Visits: 31
2024-03-27T18:17:56.028Z - GET /product/1 - Visits: 32
2024-03-27T18:17:59.879Z - GET /basket - Visits: 33
2024-03-27T18:18:20.352Z - GET /basket - Visits: 34
2024-03-27T18:18:32.080Z - GET /products - Visits: 35
2024-03-27T18:18:41.496Z - POST /login - Visits: 36
2024-03-27T18:18:41.664Z - GET /userData/vasiliev.dmitriy201@yandex.ru - Visits: 37
2024-03-27T18:18:41.674Z - GET /userData/vasiliev.dmitriy201@yandex.ru - Visits: 37
2024-03-27T18:18:41.696Z - GET /user-orders - Visits: 37
2024-03-27T18:19:24.645Z - GET /userData/vasiliev.dmitriy201@yandex.ru - Visits: 38
2024-03-27T18:19:24.653Z - GET /userData/vasiliev.dmitriy201@yandex.ru - Visits: 38
2024-03-27T18:19:24.684Z - GET /user-orders - Visits: 39
2024-03-27T18:19:53.925Z - GET /userData/vasiliev.dmitriy201@yandex.ru - Visits: 40
2024-03-27T18:19:53.931Z - GET /userData/vasiliev.dmitriy201@yandex.ru - Visits: 40
2024-03-27T18:19:53.956Z - GET /user-orders - Visits: 41
2024-03-27T18:20:19.356Z - GET /products - Visits: 42
2024-03-27T18:20:21.793Z - GET /basket - Visits: 43
2024-03-27T18:20:24.789Z - GET /basket - Visits: 44
2024-03-27T18:20:32.776Z - GET /products - Visits: 45
2024-03-27T18:20:33.912Z - GET /basket - Visits: 46
2024-03-27T18:20:35.177Z - GET /basket - Visits: 47
2024-03-27T18:21:13.684Z - GET /basket - Visits: 48
2024-03-27T18:21:15.943Z - POST /login - Visits: 49
2024-03-27T18:21:16.093Z - GET /userData/vasiliev.dmitriy201@yandex.ru - Visits: 50
2024-03-27T18:21:16.104Z - GET /userData/vasiliev.dmitriy201@yandex.ru - Visits: 50
2024-03-27T18:21:16.129Z - GET /user-orders - Visits: 51
2024-03-27T18:21:17.149Z - GET /ophormlenie_zakaza.html - Visits: 52
2024-03-27T18:21:21.583Z - GET /basket - Visits: 53
2024-03-27T18:21:34.223Z - GET /basket - Visits: 54
2024-03-27T18:21:37.580Z - GET /userData/vasiliev.dmitriy201@yandex.ru - Visits: 55
2024-03-27T18:21:37.587Z - GET /userData/vasiliev.dmitriy201@yandex.ru - Visits: 55
2024-03-27T18:21:37.622Z - GET /user-orders - Visits: 56
2024-03-27T18:21:55.694Z - GET /userData/vasiliev.dmitriy201@yandex.ru - Visits: 57
2024-03-27T18:21:55.699Z - GET /userData/vasiliev.dmitriy201@yandex.ru - Visits: 57
2024-03-27T18:21:55.710Z - GET /user-orders - Visits: 57
2024-03-27T18:21:58.297Z - GET /userData/vasiliev.dmitriy201@yandex.ru - Visits: 58
2024-03-27T18:21:58.336Z - GET /userData/vasiliev.dmitriy201@yandex.ru - Visits: 58
2024-03-27T18:21:58.346Z - GET /user-orders - Visits: 58
2024-03-27T18:22:02.329Z - GET /order-history - Visits: 59
2024-03-27T18:22:45.680Z - GET /order-history - Visits: 60
2024-03-27T18:22:47.005Z - GET /userData/vasiliev.dmitriy201@yandex.ru - Visits: 61
2024-03-27T18:22:47.013Z - GET /userData/vasiliev.dmitriy201@yandex.ru - Visits: 61
2024-03-27T18:22:47.051Z - GET /user-orders - Visits: 62
2024-03-27T18:25:07.533Z - GET /products - Visits: 63
2024-03-27T18:26:36.416Z - GET /products - Visits: 64
2024-03-27T18:26:39.932Z - GET /products - Visits: 65
2024-03-27T18:26:43.108Z - GET /basket - Visits: 66
2024-03-27T18:26:52.186Z - GET /basket - Visits: 67
2024-03-27T18:27:43.992Z - GET /basket - Visits: 68
2024-03-27T18:28:03.380Z - GET /basket - Visits: 69
2024-03-27T18:28:04.935Z - GET /basket - Visits: 70
2024-03-27T18:28:43.680Z - POST /login - Visits: 71
2024-03-27T18:28:43.824Z - GET /userData/vasiliev.dmitriy201@yandex.ru - Visits: 72
2024-03-27T18:28:43.834Z - GET /userData/vasiliev.dmitriy201@yandex.ru - Visits: 72
2024-03-27T18:28:43.864Z - GET /user-orders - Visits: 73
2024-03-27T18:28:47.259Z - GET /order-history - Visits: 74
2024-03-27T18:29:09.399Z - GET /order-history - Visits: 75
2024-03-27T18:30:06.197Z - GET /basket - Visits: 76
2024-03-27T18:30:20.597Z - GET /basket - Visits: 77
2024-03-27T18:31:13.453Z - GET /basket - Visits: 78
2024-03-27T18:32:30.162Z - GET /basket - Visits: 79
2024-03-27T18:32:31.749Z - GET /userData/vasiliev.dmitriy201@yandex.ru - Visits: 80
2024-03-27T18:32:31.761Z - GET /userData/vasiliev.dmitriy201@yandex.ru - Visits: 80
2024-03-27T18:32:31.771Z - GET /user-orders - Visits: 80
2024-03-27T18:34:01.416Z - POST /login - Visits: 81
2024-03-27T18:34:01.599Z - GET /userData/vasiliev.dmitriy201@yandex.ru - Visits: 82
2024-03-27T18:34:01.607Z - GET /userData/vasiliev.dmitriy201@yandex.ru - Visits: 82
2024-03-27T18:34:01.667Z - GET /user-orders - Visits: 83
2024-03-27T18:34:06.892Z - GET /sales-statistics - Visits: 84
2024-03-27T18:35:18.732Z - GET /basket - Visits: 85
2024-03-27T18:35:38.610Z - GET /userData/vasiliev.dmitriy201@yandex.ru - Visits: 86
2024-03-27T18:35:38.619Z - GET /userData/vasiliev.dmitriy201@yandex.ru - Visits: 86
2024-03-27T18:35:38.654Z - GET /user-orders - Visits: 87
2024-03-27T18:36:30.019Z - POST /login - Visits: 88
2024-03-27T18:36:30.147Z - GET /userData/vasiliev.dmitriy201@yandex.ru - Visits: 89
2024-03-27T18:36:30.156Z - GET /userData/vasiliev.dmitriy201@yandex.ru - Visits: 89
2024-03-27T18:36:30.169Z - GET /user-orders - Visits: 89
2024-03-27T18:36:49.156Z - GET /products - Visits: 90
2024-03-27T18:36:50.400Z - GET /sales-statistics - Visits: 91
2024-03-27T18:37:23.043Z - GET /sales-statistics - Visits: 92
2024-03-27T18:37:36.309Z - GET /sales-statistics - Visits: 93
2024-03-27T18:37:52.223Z - GET /sales-statistics - Visits: 94
2024-03-27T18:38:00.014Z - GET /sales-statistics - Visits: 95
2024-03-27T18:38:50.405Z - GET /sales-statistics - Visits: 96
2024-03-27T18:39:05.926Z - GET /sales-statistics - Visits: 97
2024-03-27T18:39:13.198Z - GET /sales-statistics - Visits: 98
2024-03-27T18:39:21.356Z - GET /sales-statistics - Visits: 99
2024-03-27T18:39:50.154Z - GET /sales-statistics - Visits: 100
2024-03-27T18:40:09.758Z - GET /sales-statistics - Visits: 101
2024-03-27T18:40:58.347Z - GET /order-history - Visits: 102
2024-03-27T18:41:03.344Z - GET /sales-statistics - Visits: 103
2024-03-27T18:42:19.619Z - GET /sales-statistics - Visits: 104
2024-03-27T18:43:56.135Z - GET /sales-statistics - Visits: 105
2024-03-27T18:44:46.742Z - GET /sales-statistics - Visits: 106
2024-03-27T18:46:06.687Z - GET /sales-statistics - Visits: 107
2024-03-27T18:46:19.021Z - GET /sales-statistics - Visits: 108
2024-03-27T18:46:25.446Z - GET /sales-statistics - Visits: 109
2024-03-27T18:46:36.358Z - GET /sales-statistics - Visits: 110
2024-03-27T18:46:48.259Z - GET /sales-statistics - Visits: 111
2024-03-27T18:47:01.143Z - GET /sales-statistics - Visits: 112
2024-03-27T18:48:14.882Z - GET /sales-statistics - Visits: 113
2024-03-27T18:48:53.411Z - GET /sales-statistics - Visits: 114
2024-03-27T18:49:48.630Z - GET /sales-statistics - Visits: 115
2024-03-27T18:51:00.833Z - GET /sales-statistics - Visits: 116
2024-03-27T18:53:39.415Z - GET /sales-statistics - Visits: 117
2024-03-27T18:53:43.955Z - GET /sales-statistics - Visits: 118
2024-03-27T18:53:57.805Z - GET /products - Visits: 119
2024-03-27T18:53:59.298Z - GET /basket - Visits: 120
2024-03-27T18:54:01.593Z - GET /basket - Visits: 121
2024-03-27T18:54:23.320Z - GET /basket - Visits: 122
2024-03-27T18:54:25.756Z - GET /userData/vasiliev.dmitriy201@yandex.ru - Visits: 123
2024-03-27T18:54:25.770Z - GET /userData/vasiliev.dmitriy201@yandex.ru - Visits: 123
2024-03-27T18:54:25.779Z - GET /user-orders - Visits: 123
2024-03-27T18:54:28.658Z - GET /order-history - Visits: 124
2024-03-27T18:54:31.098Z - GET /order-history - Visits: 125
2024-03-27T18:54:32.451Z - GET /sales-statistics - Visits: 126
2024-03-27T18:54:33.188Z - GET /userData/vasiliev.dmitriy201@yandex.ru - Visits: 127
2024-03-27T18:54:33.196Z - GET /userData/vasiliev.dmitriy201@yandex.ru - Visits: 127
2024-03-27T18:54:33.224Z - GET /user-orders - Visits: 128
2024-03-27T18:54:37.819Z - POST /login - Visits: 129
2024-03-27T18:54:37.934Z - GET /userData/vasiliev.dmitriy201@yandex.ru - Visits: 130
2024-03-27T18:54:37.941Z - GET /userData/vasiliev.dmitriy201@yandex.ru - Visits: 130
2024-03-27T18:54:37.954Z - GET /user-orders - Visits: 130
2024-03-27T18:54:39.608Z - GET /order-history - Visits: 131
2024-03-27T18:56:33.626Z - GET /order-history - Visits: 132
2024-03-27T18:57:21.877Z - GET /order-history - Visits: 133
2024-03-27T18:57:42.644Z - GET /sales-statistics - Visits: 134
2024-03-27T18:57:50.579Z - GET /stats - Visits: 135
2024-03-27T18:57:50.581Z - GET /sales-stats - Visits: 135
2024-03-27T18:57:50.916Z - GET /stats - Visits: 136
2024-03-27T18:57:50.917Z - GET /sales-stats - Visits: 136
2024-03-27T18:59:50.042Z - GET /stats - Visits: 137
2024-03-27T18:59:50.042Z - GET /sales-stats - Visits: 137
2024-03-27T19:00:37.647Z - GET /stats - Visits: 138
2024-03-27T19:00:37.647Z - GET /sales-stats - Visits: 138
2024-03-27T19:01:36.454Z - GET /stats - Visits: 139
2024-03-27T19:01:36.456Z - GET /sales-stats - Visits: 139
2024-03-27T19:02:21.374Z - GET /stats - Visits: 140
2024-03-27T19:02:21.374Z - GET /sales-stats - Visits: 140
2024-03-27T19:02:24.854Z - GET /sales-statistics - Visits: 141
2024-03-27T19:02:25.735Z - GET /order-history - Visits: 142
2024-03-27T19:02:55.715Z - GET /order-history - Visits: 143
2024-03-27T19:03:47.111Z - GET /userData/vasiliev.dmitriy201@yandex.ru - Visits: 144
2024-03-27T19:03:47.120Z - GET /userData/vasiliev.dmitriy201@yandex.ru - Visits: 144
2024-03-27T19:03:47.136Z - GET /user-orders - Visits: 144
2024-03-27T19:03:49.203Z - GET /products - Visits: 145
2024-03-27T19:03:53.456Z - GET /order-history - Visits: 146
2024-03-27T19:03:55.658Z - GET /sales-statistics - Visits: 147
2024-03-27T19:04:02.993Z - GET /products - Visits: 148
2024-03-27T21:41:05.604Z - GET /style.css - Visits: 1
2024-03-27T21:41:05.608Z - GET /index.css - Visits: 1
2024-03-27T21:41:05.611Z - GET /index.js - Visits: 1
2024-03-27T21:41:10.001Z - GET /catalog.html - Visits: 2
2024-03-27T21:41:16.473Z - GET /catalog.html - Visits: 3
2024-03-27T21:41:24.370Z - GET /products - Visits: 4
2024-03-27T23:09:19.938Z - GET /products - Visits: 1
2024-03-27T23:12:33.775Z - GET /product/1 - Visits: 2
2024-03-27T23:12:58.356Z - GET /product/1 - Visits: 3
2024-03-27T23:13:09.472Z - GET /product/1 - Visits: 4
2024-03-27T23:14:59.688Z - GET /basket - Visits: 5
2024-03-27T23:15:20.983Z - POST /login - Visits: 6
2024-03-27T23:15:21.099Z - GET /userData/vasiliev.dmitriy201@yandex.ru - Visits: 7
2024-03-27T23:15:21.113Z - GET /userData/vasiliev.dmitriy201@yandex.ru - Visits: 7
2024-03-27T23:15:21.134Z - GET /user-orders - Visits: 8
2024-03-27T23:15:24.487Z - POST /login - Visits: 9
2024-03-27T23:15:24.577Z - GET /userData/vasiliev.dmitriy201@yandex.ru - Visits: 10
2024-03-27T23:15:24.585Z - GET /userData/vasiliev.dmitriy201@yandex.ru - Visits: 10
2024-03-27T23:15:24.612Z - GET /user-orders - Visits: 11
2024-03-27T23:15:25.954Z - GET /basket - Visits: 12
2024-03-27T23:16:16.376Z - GET /basket - Visits: 13
2024-03-27T23:16:17.716Z - GET /userData/vasiliev.dmitriy201@yandex.ru - Visits: 14
2024-03-27T23:16:17.744Z - GET /userData/vasiliev.dmitriy201@yandex.ru - Visits: 14
2024-03-27T23:16:17.756Z - GET /user-orders - Visits: 14
2024-03-27T23:16:20.227Z - GET /basket - Visits: 15
2024-03-27T23:16:21.476Z - GET /userData/vasiliev.dmitriy201@yandex.ru - Visits: 16
2024-03-27T23:16:21.486Z - GET /userData/vasiliev.dmitriy201@yandex.ru - Visits: 16
2024-03-27T23:16:21.518Z - GET /user-orders - Visits: 17
2024-03-27T23:16:23.457Z - POST /login - Visits: 18
2024-03-27T23:16:23.575Z - GET /userData/vasiliev.dmitriy201@yandex.ru - Visits: 19
2024-03-27T23:16:23.585Z - GET /userData/vasiliev.dmitriy201@yandex.ru - Visits: 19
2024-03-27T23:16:23.606Z - GET /user-orders - Visits: 20
2024-03-27T23:16:25.096Z - GET /basket - Visits: 21
2024-03-27T23:16:58.065Z - GET /basket - Visits: 22
2024-03-27T23:21:48.789Z - GET /userData/vasiliev.dmitriy201@yandex.ru - Visits: 23
2024-03-27T23:21:48.796Z - GET /userData/vasiliev.dmitriy201@yandex.ru - Visits: 23
2024-03-27T23:21:48.840Z - GET /user-orders - Visits: 24
2024-03-27T23:32:25.332Z - GET /order-history - Visits: 25
2024-03-27T23:33:59.007Z - GET /sales-statistics - Visits: 26
2024-03-27T23:36:13.326Z - GET /products - Visits: 27
2024-03-27T23:36:16.828Z - GET /stats - Visits: 28
2024-03-27T23:36:16.830Z - GET /sales-stats - Visits: 28
